============================= test session starts =============================
platform win32 -- Python 3.14.0, pytest-9.0.2, pluggy-1.6.0
rootdir: C:\Users\ChristianRobecchi\Downloads\RAG LOCALE
plugins: anyio-4.12.1, asyncio-1.3.0, cov-7.0.0
asyncio: mode=Mode.STRICT, debug=False, asyncio_default_fixture_loop_scope=None, asyncio_default_test_loop_scope=function
collected 567 items / 8 errors

<Dir RAG LOCALE>
  <Module test_complete_system.py>
    <Function test_vector_store_load>
    <Function test_rag_engine_init>
    <Function test_llm_response>
    <Function test_embedding_batch>
    <Function test_timeout_recovery>
  <Module test_complete_system_final.py>
    <Function test_document_loading>
    <Function test_vector_store>
    <Function test_quality_metrics>
    <Function test_ux_enhancements>
    <Function test_end_to_end_pipeline>
    <Function test_metrics_collection>
  <Module test_e2e_pdf_to_response.py>
    <Class TestE2EPDFToResponseFlow>
      <Function test_e2e_document_ingestion_basic>
      <Function test_e2e_vector_search_retrieval>
      <Function test_e2e_llm_response_generation>
      <Function test_e2e_memory_service_persistence>
      <Function test_e2e_full_rag_pipeline>
      <Function test_e2e_error_handling_and_recovery>
      <Function test_e2e_performance_metrics>
  <Module test_e2e_simplified.py>
    <Class TestE2ESimplified>
      <Function test_e2e_document_ingestion>
      <Function test_e2e_vector_search>
      <Function test_e2e_memory_persistence>
      <Function test_e2e_full_pipeline>
      <Function test_e2e_performance_measurement>
      <Function test_e2e_error_recovery>
      <Function test_e2e_multiple_documents>
  <Module test_end_to_end_integration.py>
    <Class TestQualityMetrics>
      <Function test_evaluate_single_query>
      <Function test_quality_score_range>
      <Function test_multiple_evaluations>
    <Class TestResponseEnhancement>
      <Function test_enhance_response>
      <Function test_response_with_multiple_documents>
    <Class TestConversationManagement>
      <Function test_single_turn>
      <Function test_multi_turn_conversation>
      <Function test_conversation_summary>
    <Class TestIntegratedQualityAndUX>
      <Function test_quality_score_in_enhanced_response>
      <Function test_full_workflow>
    <Class TestMultiTurnWithMetrics>
      <Function test_multi_turn_quality_tracking>
  <Module test_fase12_pdf_validator.py>
    <Function test_valid_pdf>
    <Function test_invalid_pdfs>
    <Function test_error_classification>
    <Function test_retry_blacklist_logic>
    <Function test_strict_validation>
  <Module test_fase13_14_integration.py>
    <Function test_pdf_validation_integration>
    <Function test_progress_callback_single_file>
    <Function test_progress_callback_multiple_files>
    <Function test_callback_with_blacklisted_pdf>
  <Module test_fase16_activation.py>
    <Function test_reranking>
    <Function test_vision_api>
    <Function test_end_to_end_with_reranking>
    <Function test_quality_metrics>
  <Module test_fase16_hybrid_search.py>
    <Class TestBM25>
      <Function test_bm25_initialization>
      <Function test_bm25_scoring>
      <Function test_bm25_ranking>
      <Function test_bm25_empty_corpus>
      <Function test_bm25_parameters>
    <Class TestHybridSearchEngine>
      <Function test_hybrid_engine_initialization>
      <Function test_hybrid_search_with_alpha_weighting>
      <Function test_hybrid_search_top_k>
      <Function test_hybrid_search_score_normalization>
    <Class TestQueryExpander>
      <Function test_query_expander_initialization>
      <Function test_keyword_extraction>
      <Function test_query_decomposition>
      <Function test_intent_detection>
    <Class TestHyDEExpander>
      <Function test_hyde_initialization>
      <Function test_hypothetical_document_generation>
    <Class TestGeminiReRanker>
      <Function test_reranker_initialization>
      <Function test_parent_document_retriever>
    <Class TestFASE16Integration>
      <Function test_end_to_end_hybrid_search_workflow>
      <Function test_performance_multiple_queries>
      <Function test_handling_edge_cases>
    <Class TestFASE16Performance>
      <Function test_bm25_performance_large_corpus>
      <Function test_hybrid_search_performance_large_corpus>
  <Module test_fase17_multimodal.py>
    <Class TestPDFImageExtraction>
      <Function test_extractor_initialization>
      <Function test_extracted_image_dataclass>
      <Function test_image_metadata_persistence>
      <Function test_extraction_statistics>
      <Function test_extractor_singleton>
    <Class TestVisionService>
      <Function test_vision_service_initialization>
      <Function test_mime_type_detection>
      <Function test_cache_management>
      <Function test_vision_service_singleton>
      <Function test_analyze_image_with_gemini>
      <Function test_extract_image_text_with_gemini>
    <Class TestMultimodalSearch>
      <Function test_multimodal_engine_initialization>
      <Function test_add_images_to_engine>
      <Function test_multimodal_statistics>
      <Function test_image_statistics>
      <Function test_cache_clearing>
    <Class TestMultimodalRAGIntegration>
      <Function test_multimodal_rag_initialization>
      <Function test_ingestion_stats>
      <Function test_multimodal_rag_singleton>
      <Function test_multimodal_statistics>
    <Class TestMultimodalPerformance>
      <Function test_image_extraction_performance>
      <Function test_multimodal_search_performance>
      <Function test_engine_memory_usage>
  <Module test_fase18_longcontext.py>
    <Class TestLongContextOptimizer>
      <Function test_token_count_estimation_empty_string>
      <Function test_token_count_estimation_single_word>
      <Function test_token_count_estimation_paragraph>
      <Function test_token_count_consistency>
      <Function test_chunk_by_semantics_respects_max_size>
      <Function test_chunk_by_semantics_preserves_content>
      <Function test_prioritize_chunks_keyword_matching>
      <Function test_prioritize_chunks_order_matters>
      <Function test_assemble_long_context_single_doc>
      <Function test_assemble_long_context_multiple_docs>
      <Function test_assemble_long_context_respects_token_limit>
      <Function test_estimate_optimal_chunk_size>
      <Function test_create_context_window_pipeline>
    <Class TestDocumentHierarchy>
      <Function test_organize_empty_documents>
      <Function test_organize_single_document>
      <Function test_organize_identifies_hierarchy_levels>
      <Function test_hierarchy_indexing>
      <Function test_get_context_window_returns_string>
      <Function test_traverse_hierarchy_returns_list>
      <Function test_get_statistics>
    <Class TestLongContextRAGEngine>
      <Function test_engine_initialization>
      <Function test_query_with_long_context_returns_response>
      <Function test_long_context_response_has_timing_info>
      <Function test_context_stats_available>
      <Function test_retrieve_candidates_handles_empty_results>
      <Function test_prioritize_documents_empty_input>
      <Function test_assemble_optimal_context_empty_chunks>
      <Function test_context_optimizer_integration>
      <Function test_document_hierarchy_integration>
      <Function test_long_context_with_disabled_hierarchy>
    <Class TestLongContextIntegration>
      <Function test_full_pipeline_token_counting>
      <Function test_full_pipeline_hierarchy_to_context>
      <Function test_performance_benchmark_chunking>
      <Function test_performance_benchmark_prioritization>
      <Function test_context_window_size_validation>
    <Class TestEdgeCases>
      <Function test_very_long_document>
      <Function test_special_characters_in_content>
      <Function test_multilingual_content>
      <Function test_deeply_nested_hierarchy>
      <Function test_context_assembly_memory_efficiency>
  <Module test_fase20_ux.py>
    <Class TestCitationEngine>
      <Function test_engine_initialization>
      <Function test_generate_citations_empty_sources>
      <Function test_generate_citations_single_source>
      <Function test_generate_citations_multiple_sources>
      <Function test_citation_preview_format>
      <Function test_extract_citation_context>
      <Function test_link_citations_to_answer>
      <Function test_format_answer_inline_citations>
      <Function test_get_citation_statistics>
      <Function test_export_citations_json>
    <Class TestQuerySuggestionEngine>
      <Function test_engine_initialization>
      <Function test_generate_followup_questions_empty_input>
      <Function test_generate_followup_questions_explanation>
      <Function test_generate_followup_questions_how_to>
      <Function test_suggest_related_queries>
      <Function test_analyze_query_intent_explanation>
      <Function test_analyze_query_intent_comparison>
      <Function test_analyze_query_intent_definition>
      <Function test_rank_suggestions>
      <Function test_get_suggestion_objects>
    <Class TestConversationMemory>
      <Function test_memory_initialization>
      <Function test_add_turn_single>
      <Function test_add_turn_multiple>
      <Function test_add_turn_with_metadata>
      <Function test_get_recent_turns>
      <Function test_get_conversation_context>
      <Function test_clear_old_turns>
      <Function test_export_conversation>
      <Function test_get_conversation_statistics>
      <Function test_search_conversation>
      <Function test_get_topics_discussed>
      <Function test_to_markdown>
    <Class TestUXEnhancedRAGEngine>
      <Function test_engine_initialization>
      <Function test_query_with_ux_enhancements_basic>
      <Function test_response_includes_citations>
      <Function test_response_includes_suggestions>
      <Function test_get_formatted_ui_response>
      <Function test_create_shareable_response_markdown>
      <Function test_get_conversation_context>
      <Function test_get_conversation_stats>
      <Function test_clear_conversation>
      <Function test_quality_badge_calculation>
      <Function test_readability_calculation>
    <Class TestUXIntegration>
      <Function test_complete_ux_pipeline>
      <Function test_multiple_queries_conversation_flow>
      <Function test_ui_response_serialization>
  <Module test_fase20_ux_enhancements.py>
    <Class TestCitation>
      <Function test_citation_creation>
      <Function test_citation_with_page>
      <Function test_citation_types>
    <Class TestCitationManager>
      <Function test_citation_manager_initialization>
      <Function test_extract_citations>
      <Function test_extract_citations_with_relevance_scores>
      <Function test_format_citations>
      <Function test_get_citation_preview>
    <Class TestQuerySuggestion>
      <Function test_suggestion_creation>
    <Class TestQuerySuggestor>
      <Function test_query_suggestor_initialization>
      <Function test_generate_suggestions_for_question>
      <Function test_suggestion_categories>
      <Function test_suggestion_confidence_in_range>
    <Class TestConversationTurn>
      <Function test_turn_creation>
      <Function test_turn_with_citations>
    <Class TestConversationMemory>
      <Function test_conversation_memory_creation>
      <Function test_add_turn_to_conversation>
      <Function test_get_conversation_context>
      <Function test_get_conversation_summary>
      <Function test_extract_topics_from_conversation>
    <Class TestConversationManager>
      <Function test_conversation_manager_initialization>
      <Function test_create_conversation>
      <Function test_add_turn_to_conversation>
      <Function test_get_conversation>
      <Function test_get_nonexistent_conversation>
      <Function test_get_conversation_context>
      <Function test_summarize_conversation>
    <Class TestResponseEnhancer>
      <Function test_response_enhancer_initialization>
      <Function test_enhance_response>
      <Function test_enhance_response_has_metadata>
      <Function test_enhance_response_with_multiple_documents>
    <Class TestSingletons>
      <Function test_citation_manager_singleton>
      <Function test_query_suggestor_singleton>
      <Function test_conversation_manager_singleton>
      <Function test_response_enhancer_singleton>
    <Class TestIntegration>
      <Function test_full_conversation_flow>
      <Function test_multi_turn_conversation_with_context>
      <Function test_citation_extraction_with_real_documents>
      <Function test_suggestion_generation_varieties>
  <Module test_fase5_fixes.py>
    <Function test_gemini_connection>
    <Function test_embedding_generation>
    <Function test_vector_store_matrix_optimization>
    <Function test_temp_file_cleanup>
    <Function test_atomic_save>
    <Function test_pdf_worker_availability>
    <Function test_safety_filters>
    <Function test_requirements_updated>
  <Module test_fase6_fixes.py>
    <Function test_gemini_connection>
    <Function test_embedding_with_backoff>
    <Function test_error_propagation>
    <Function test_batch_retry_logic>
    <Function test_vector_store_integrity>
    <Function test_search_performance>
  <Module test_fase8_optimizations.py>
    <Class TestQueryExpansionCache>
      <Function test_qe_cache_initialization>
      <Function test_qe_cache_set_and_get>
      <Function test_qe_cache_hit_rate>
      <Function test_qe_cache_lru_eviction>
      <Function test_qe_cache_expiration>
    <Class TestVisionProcessingCache>
      <Function test_vp_cache_initialization>
      <Function test_vp_cache_set_and_get>
      <Function test_vp_cache_hash_based_operations>
      <Function test_vp_cache_size_tracking>
    <Class TestCacheSingletons>
      <Function test_get_query_expansion_cache_singleton>
      <Function test_get_vision_processing_cache_singleton>
      <Function test_cache_independence>
      <Function test_clear_all_caches>
    <Class TestCachePerformance>
      <Function test_qe_cache_performance_typical_usage>
      <Function test_vp_cache_performance_batch_processing>
  <Module test_fase8_similarity.py>
    <Class TestDocumentSimilarityMatrix>
      <Function test_similarity_manager_initialization>
      <Function test_compute_similarity_matrix>
      <Function test_similarity_matrix_statistics>
      <Function test_get_related_documents>
      <Function test_get_most_similar_pairs>
      <Function test_clustering>
      <Function test_heatmap_data_format>
  <Module test_fase8_summarization.py>
    <Class TestDocumentSummarizer>
      <Function test_summarizer_initialization>
      <Function test_summarize_document_with_content>
      <Function test_summarize_document_with_empty_content>
      <Function test_extract_key_points>
      <Function test_summary_caching>
      <Function test_vector_store_summary_metadata>
      <Function test_get_summary_stats>
    <Class TestSummarizerIntegration>
      <Function test_summarizer_with_vector_store>
  <Module test_fase9_ingestion.py>
    <Function test_single_pdf_ingestion>
    <Function test_multiple_pdf_ingestion>
    <Function test_error_handling>
  <Module test_fase_scalability.py>
    <Class TestScalability>
      <Function test_add_100_documents>
      <Function test_search_100_documents>
      <Function test_memory_scaling>
      <Function test_hardware_optimization>
  <Module test_ingestion_batch.py>
    <Function test_batch_ingestion>
  <Module test_performance_bottleneck_fixes.py>
    <Class TestPhase5BackwardCompatibility>
      <Function test_vector_store_backward_compatible>
      <Function test_search_api_unchanged>
      <Function test_metadata_filtering_backward_compatible>
      <Function test_rag_engine_v2_integration>
      <Function test_hybrid_search_integration>
      <Function test_query_expansion_integration>
    <Class TestPhase5PerformanceMetrics>
      <Function test_phase2_query_cache_benefit>
      <Function test_phase2_metadata_index_performance>
      <Function test_phase3_sqlite_vs_pickle_efficiency>
      <Function test_phase4_parallel_processing_speedup>
      <Function test_batch_embedding_efficiency>
    <Class TestPhase5EndToEndWorkflows>
      <Function test_full_ingestion_and_search_workflow>
      <Function test_scalability_with_many_documents>
    <Class TestPhase5RegressionPrevention>
      <Function test_cache_does_not_corrupt_data>
      <Function test_metadata_index_accuracy>
      <Function test_batch_embedding_consistency>
  <Module test_phase2_optimization.py>
    <Class TestQueryEmbeddingCache>
      <Function test_query_cache_hit_on_repeated_query>
      <Function test_query_cache_lru_eviction>
      <Function test_query_cache_preserves_most_recent>
      <Function test_query_cache_access_time_update>
    <Class TestMetadataIndexOptimization>
      <Function test_metadata_index_creation>
      <Function test_metadata_filtering_fast_lookup>
      <Function test_metadata_index_filter_intersection>
      <Function test_metadata_index_rebuild_after_bulk_add>
      <Function test_metadata_index_empty_filter_result>
    <Class TestBatchEmbeddingIntegration>
      <Function test_batch_embedding_vs_single>
      <Function test_batch_embedding_fallback_to_individual>
    <Class TestPhase2Performance>
      <Function test_metadata_filter_performance_improvement>
      <Function test_query_cache_performance_gain>
  <Module test_phase3_sqlite_migration.py>
    <Class TestSQLiteVectorStore>
      <Function test_sqlite_initialization>
      <Function test_add_single_document>
      <Function test_get_document_from_sqlite>
      <Function test_batch_add_documents>
      <Function test_metadata_filtering>
      <Function test_delete_document>
      <Function test_get_all_documents>
      <Function test_clear_all_documents>
      <Function test_get_stats>
      <Function test_sqlite_incremental_saves>
    <Class TestPickleToSQLiteMigration>
      <Function test_export_to_pickle_format>
      <Function test_import_from_pickle_format>
      <Function test_backward_compatibility_round_trip>
    <Class TestPhase3Performance>
      <Function test_sqlite_bulk_insert_performance>
      <Function test_sqlite_metadata_filter_performance>
      <Function test_sqlite_storage_efficiency>
  <Module test_phase4_parallel_processing.py>
    <Class TestParallelDocumentIngestion>
      <Function test_parallel_ingestion_initialization>
      <Function test_parallel_ingestion_factory>
      <Function test_single_document_parallel_processing>
      <Function test_multiple_documents_parallel_processing>
      <Function test_parallel_processing_performance>
      <Function test_progress_callback>
      <Function test_ingest_directory_parallel>
      <Function test_empty_file_list>
      <Function test_vector_store_integration>
      <Function test_workers_configuration>
      <Function test_batch_embedding_integration>
    <Class TestPhase4Performance>
      <Function test_parallel_vs_sequential_throughput>
      <Function test_scaling_with_worker_count>
      <Function test_ingestion_stats_accuracy>
  <Module test_real_document_loading.py>
    <Function test_default_folder>
    <Function test_custom_folder>
    <Function test_folder_types>
    <Function test_document_summary>
    <Function test_search_functionality>
  <Module test_security_hardening.py>
    <Class TestCORSPolicy>
      <Function test_cors_allowed_origin>
      <Function test_cors_blocked_origin>
      <Function test_cors_empty_origin>
      <Function test_cors_headers_generation>
      <Function test_cors_headers_blocked>
      <Function test_cors_add_origin>
      <Function test_cors_remove_origin>
    <Class TestInputValidator>
      <Function test_validate_query_valid>
      <Function test_validate_query_empty>
      <Function test_validate_query_too_long>
      <Function test_validate_filename_valid>
      <Function test_validate_filename_path_traversal>
      <Function test_validate_filename_invalid_chars>
      <Function test_validate_email_valid>
      <Function test_validate_email_invalid>
      <Function test_validate_password_strong>
      <Function test_validate_password_weak>
      <Function test_sanitize_string_html_escape>
      <Function test_sanitize_string_null_bytes>
      <Function test_sanitize_string_max_length>
      <Function test_remove_html_tags>
      <Function test_remove_script_tags>
      <Function test_validate_metadata_dict>
    <Class TestSQLInjectionPrevention>
      <Function test_sql_injection_union_select>
      <Function test_sql_injection_or_condition>
      <Function test_sql_injection_drop_table>
      <Function test_sql_injection_insert>
      <Function test_sql_injection_exec>
      <Function test_legitimate_query_not_flagged>
      <Function test_sanitize_like_parameter>
    <Class TestSessionManager>
      <Function test_create_session>
      <Function test_validate_session_valid>
      <Function test_validate_session_invalid>
      <Function test_destroy_session>
      <Function test_destroy_nonexistent_session>
      <Function test_singleton_instance>
    <Class TestSecurityCompliance>
      <Function test_compliance_clean_query>
      <Function test_compliance_sql_injection>
      <Function test_compliance_xss_attempt>
      <Function test_compliance_with_filename>
      <Function test_compliance_malicious_filename>
    <Class TestSecurityIntegration>
      <Function test_cors_policy_singleton>
      <Function test_defense_in_depth>
      <Function test_sanitization_pipeline>
  <Dir tests>
    <Module test_context_deduplicator.py>
      <Class TestContextDeduplicator>
        <Function test_deduplicate_identical_chunks>
        <Function test_deduplicate_similar_chunks>
        <Function test_deduplicate_preserves_unique>
        <Function test_deduplicate_empty_list>
        <Function test_deduplicate_single_chunk>
        <Function test_deduplicate_mixed_duplicates>
        <Function test_estimate_optimal_chunk_count>
        <Function test_estimate_optimal_chunk_count_zero_budget>
        <Function test_estimate_optimal_chunk_count_high_budget>
        <Function test_estimate_optimal_chunk_count_low_tokens_per_chunk>
        <Function test_optimize_information_density>
        <Function test_optimize_density_sorting>
        <Function test_optimize_density_empty>
        <Function test_context_reduction_ratio>
        <Function test_context_token_savings>
        <Function test_similarity_threshold_configuration>
        <Function test_deduplication_with_different_thresholds>
        <Function test_deduplicate_special_characters>
        <Function test_deduplicate_unicode>
        <Function test_deduplicate_very_short_chunks>
        <Function test_deduplicate_very_long_chunks>
        <Function test_deduplicate_mixed_languages>
        <Function test_deduplicate_case_sensitivity>
        <Function test_deduplication_performance_large_set>
        <Function test_optimize_density_performance>
        <Function test_complete_deduplication_workflow>
        <Function test_get_context_deduplicator_singleton>
      <Class TestDeduplicationMetrics>
        <Function test_deduplication_ratio_calculation>
        <Function test_token_estimation_accuracy>
    <Module test_entity_extractor.py>
      <Class TestEntityExtractor>
        <Function test_extract_keywords_frequency_based>
        <Function test_extract_keywords_with_stopword_filtering>
        <Function test_extract_keywords_empty_text>
        <Function test_extract_keywords_short_text>
        <Function test_extract_keywords_caching>
        <Function test_extract_keywords_num_keywords_limit>
        <Function test_extract_entities_numbers>
        <Function test_extract_entities_dates>
        <Function test_extract_entities_proper_nouns>
        <Function test_extract_entities_all_types>
        <Function test_extract_entity_position>
        <Function test_extract_entity_confidence>
        <Function test_normalize_query_lowercase>
        <Function test_normalize_query_whitespace>
        <Function test_normalize_query_special_chars>
        <Function test_normalize_query_preserve_hyphens>
        <Function test_normalize_query_empty>
        <Function test_split_into_tokens>
        <Function test_split_into_tokens_stopword_filtering>
        <Function test_split_into_tokens_min_length>
        <Function test_split_into_tokens_empty>
        <Function test_combine_keywords_deduplication>
        <Function test_combine_keywords_order_preservation>
        <Function test_combine_keywords_empty_list>
        <Function test_cache_stats>
        <Function test_clear_cache>
        <Function test_get_entity_extractor_singleton>
        <Function test_stopwords_english>
        <Function test_stopwords_italian>
        <Function test_stopwords_count>
      <Class TestExtractedEntity>
        <Function test_extracted_entity_creation>
        <Function test_extracted_entity_invalid_confidence>
      <Class TestEdgeCases>
        <Function test_very_long_text>
        <Function test_special_characters_handling>
        <Function test_unicode_handling>
        <Function test_mixed_case_normalization>
        <Function test_numbers_in_keywords>
    <Module test_fase18_complete.py>
      <Class TestDocumentCompressor>
        <Function test_compressor_initialization>
        <Function test_token_estimation>
        <Function test_compression_levels>
        <Function test_detailed_summary>
        <Function test_executive_summary>
        <Function test_batch_compression>
        <Function test_auto_compress>
      <Class TestContextBatcher>
        <Function test_batcher_initialization>
        <Function test_batch_creation>
        <Function test_document_packing>
        <Function test_add_queries_to_batches>
        <Function test_batch_optimization>
        <Function test_api_reduction_estimation>
      <Class TestSmartRetrieverLong>
        <Function test_retriever_initialization>
        <Function test_retrieve_by_relevance>
        <Function test_retrieve_by_size>
        <Function test_retrieve_diversity>
        <Function test_retrieve_hybrid>
        <Function test_reorder_for_context>
      <Class TestMultiDocumentAnalyzer>
        <Function test_analyzer_initialization>
        <Function test_token_estimation_for_analysis>
        <Function test_analysis_methods>
        <Function test_analysis_logging>
      <Class TestFASE18Integration>
        <Function test_all_modules_importable>
        <Function test_fase18_pipeline_components>
        <Function test_end_to_end_long_context_flow>
    <Module test_fase18_long_context.py>
      <Class TestContextWindowManager>
        <Function test_initialization>
        <Function test_custom_capacity>
        <Function test_estimate_tokens>
        <Function test_allocate_context_single_doc>
        <Function test_allocate_context_multiple_docs>
        <Function test_allocation_respects_safety_buffer>
        <Function test_token_allocation_dataclass>
        <Function test_utilization_metrics>
        <Function test_can_fit_tokens>
        <Function test_add_tokens>
        <Function test_reset>
        <Function test_singleton_instance>
      <Class TestTokenEstimation>
        <Function test_word_count_correlation>
        <Function test_empty_string>
      <Class TestContextOptimization>
        <Function test_allocation_optimization>
      <Class TestCapacityPlanning>
        <Function test_82_document_capacity>
        <Function test_scalability>
    <Module test_fase19_quality_metrics.py>
      <Class TestQualityEvaluator>
        <Function test_evaluator_initialization>
        <Function test_evaluate_single_query>
        <Function test_evaluate_multiple_queries>
        <Function test_faithfulness_metric>
        <Function test_relevance_metric>
        <Function test_evaluation_summary>
        <Function test_metric_types>
      <Class TestIntegrationWithRAG>
        <Function test_quality_evaluator_with_rag_results>
        <Function test_metric_tracking_over_time>
      <Class TestMetricsValidation>
        <Function test_metric_score_range>
        <Function test_overall_score_calculation>
    <Module test_quality_improvements.py>
      <Class TestSelfCorrectionPrompting>
        <Function test_ambiguous_term_detection>
        <Function test_system_prompt_contains_ambiguity_instructions>
        <Function test_context_based_resolution>
        <Function test_confidence_scoring_for_ambiguity>
        <Function test_fallback_when_ambiguity_unresolvable>
      <Class TestQueryExpansion>
        <Function test_query_expansion_generates_variants>
        <Function test_keyword_extraction>
        <Function test_intent_detection>
        <Function test_hyde_document_generation>
        <Function test_query_expansion_caching>
        <Function test_query_expansion_empty_query_handling>
      <Class TestInlineCitations>
        <Function test_citation_generation>
        <Function test_citation_formatting>
        <Function test_inline_vs_end_citations>
        <Function test_citation_link_tracking>
      <Class TestTemporalMetadata>
        <Function test_iso_date_extraction>
        <Function test_european_date_extraction>
        <Function test_month_name_date_extraction>
        <Function test_recency_scoring>
        <Function test_temporal_keyword_detection>
        <Function test_confidence_scoring>
        <Function test_grouping_by_date>
      <Class TestCrossEncoderReranking>
        <Function test_gemini_reranker_initialization>
        <Function test_reranking_score_combination>
        <Function test_reranking_result_reordering>
        <Function test_semantic_reranker_embedding_similarity>
        <Function test_hybrid_reranker_weighting>
        <Function test_top_k_selection>
      <Class TestMultiDocumentAnalysis>
        <Function test_global_summary_generation>
        <Function test_thematic_clustering>
        <Function test_cross_document_insights>
        <Function test_key_findings_extraction>
        <Function test_gap_identification>
      <Class TestIntegration>
        <Function test_enhanced_rag_engine_initialization>
        <Function test_pipeline_flow>
        <Function test_selective_enhancement_enabling>
      <Class TestPerformance>
        <Function test_query_expansion_latency>
        <Function test_temporal_extraction_latency>
        <Function test_cache_performance_improvement>
      <Class TestErrorHandling>
        <Function test_invalid_date_format_handling>
        <Function test_empty_document_handling>
        <Function test_api_error_fallback>
    <Module test_semantic_query_clustering.py>
      <Class TestSemanticQueryClusterer>
        <Function test_cluster_query_initialization>
        <Function test_cluster_query_stores_in_history>
        <Function test_cluster_multiple_queries>
        <Function test_similarity_to_recent_high_similarity>
        <Function test_similarity_to_recent_low_similarity>
        <Function test_similarity_threshold>
        <Function test_cluster_cache_get_hit>
        <Function test_cluster_cache_get_miss>
        <Function test_cluster_cache_stores_response>
        <Function test_cluster_cache_multiple_queries_same_cluster>
        <Function test_query_history_limit>
        <Function test_query_history_fifo_order>
        <Function test_clear_query_history>
        <Function test_calculate_cache_hit_rate>
        <Function test_cluster_empty_query>
        <Function test_cluster_very_long_query>
        <Function test_cluster_special_characters>
        <Function test_invalid_embedding_dimension>
        <Function test_null_embedding>
        <Function test_concurrent_clustering>
        <Function test_get_semantic_query_clusterer_singleton>
        <Function test_clustering_performance>
        <Function test_cache_lookup_performance>
      <Class TestQueryCluster>
        <Function test_query_cluster_creation>
      <Class TestIntegration>
        <Function test_query_cluster_cache_workflow>
        <Function test_similar_queries_cluster_together>

=================================== ERRORS ====================================
_______________ ERROR collecting test_all_fases_integration.py ________________
ImportError while importing test module 'C:\Users\ChristianRobecchi\Downloads\RAG LOCALE\test_all_fases_integration.py'.
Hint: make sure your test modules/packages have valid Python names.
Traceback:
..\..\AppData\Local\Python\pythoncore-3.14-64\Lib\importlib\__init__.py:88: in import_module
    return _bootstrap._gcd_import(name[level:], package, level)
           ^^^^^^^^^^^^^^^^^^^^^^^^^^^^^^^^^^^^^^^^^^^^^^^^^^^^
test_all_fases_integration.py:18: in <module>
    from quality_metrics import QualityMetricsCollector, QualityMetrics
E   ImportError: cannot import name 'QualityMetricsCollector' from 'quality_metrics' (C:\Users\ChristianRobecchi\Downloads\RAG LOCALE\src\quality_metrics.py)
------------------------------- Captured stdout -------------------------------
{"timestamp": "2026-02-25T08:44:31.188246Z", "level": "INFO", "module": "src.logging_config", "function": "<module>", "line": 134, "message": "Logging configured", "log_level": "INFO", "log_file": "logs/app.jsonl", "log_format": "json"}
_________________ ERROR collecting test_e2e_complete_flow.py __________________
ImportError while importing test module 'C:\Users\ChristianRobecchi\Downloads\RAG LOCALE\test_e2e_complete_flow.py'.
Hint: make sure your test modules/packages have valid Python names.
Traceback:
..\..\AppData\Local\Python\pythoncore-3.14-64\Lib\importlib\__init__.py:88: in import_module
    return _bootstrap._gcd_import(name[level:], package, level)
           ^^^^^^^^^^^^^^^^^^^^^^^^^^^^^^^^^^^^^^^^^^^^^^^^^^^^
test_e2e_complete_flow.py:19: in <module>
    from src.metrics_dashboard import MetricsAnalyzer
E   ModuleNotFoundError: No module named 'src.metrics_dashboard'
___________________ ERROR collecting test_fase10_metrics.py ___________________
ImportError while importing test module 'C:\Users\ChristianRobecchi\Downloads\RAG LOCALE\test_fase10_metrics.py'.
Hint: make sure your test modules/packages have valid Python names.
Traceback:
..\..\AppData\Local\Python\pythoncore-3.14-64\Lib\importlib\__init__.py:88: in import_module
    return _bootstrap._gcd_import(name[level:], package, level)
           ^^^^^^^^^^^^^^^^^^^^^^^^^^^^^^^^^^^^^^^^^^^^^^^^^^^^
test_fase10_metrics.py:24: in <module>
    from metrics_dashboard import MetricsAnalyzer
E   ModuleNotFoundError: No module named 'metrics_dashboard'
_______________ ERROR collecting test_fase15_metrics_charts.py ________________
ImportError while importing test module 'C:\Users\ChristianRobecchi\Downloads\RAG LOCALE\test_fase15_metrics_charts.py'.
Hint: make sure your test modules/packages have valid Python names.
Traceback:
..\..\AppData\Local\Python\pythoncore-3.14-64\Lib\importlib\__init__.py:88: in import_module
    return _bootstrap._gcd_import(name[level:], package, level)
           ^^^^^^^^^^^^^^^^^^^^^^^^^^^^^^^^^^^^^^^^^^^^^^^^^^^^
test_fase15_metrics_charts.py:18: in <module>
    from src.metrics_charts import MetricsCharts, get_metrics_charts
E   ModuleNotFoundError: No module named 'src.metrics_charts'
___________________ ERROR collecting test_fase19_quality.py ___________________
ImportError while importing test module 'C:\Users\ChristianRobecchi\Downloads\RAG LOCALE\test_fase19_quality.py'.
Hint: make sure your test modules/packages have valid Python names.
Traceback:
..\..\AppData\Local\Python\pythoncore-3.14-64\Lib\importlib\__init__.py:88: in import_module
    return _bootstrap._gcd_import(name[level:], package, level)
           ^^^^^^^^^^^^^^^^^^^^^^^^^^^^^^^^^^^^^^^^^^^^^^^^^^^^
test_fase19_quality.py:13: in <module>
    from quality_metrics import (
E   ImportError: cannot import name 'QualityMetrics' from 'quality_metrics' (C:\Users\ChristianRobecchi\Downloads\RAG LOCALE\src\quality_metrics.py)
________________ ERROR collecting test_performance_baseline.py ________________
ImportError while importing test module 'C:\Users\ChristianRobecchi\Downloads\RAG LOCALE\test_performance_baseline.py'.
Hint: make sure your test modules/packages have valid Python names.
Traceback:
..\..\AppData\Local\Python\pythoncore-3.14-64\Lib\importlib\__init__.py:88: in import_module
    return _bootstrap._gcd_import(name[level:], package, level)
           ^^^^^^^^^^^^^^^^^^^^^^^^^^^^^^^^^^^^^^^^^^^^^^^^^^^^
test_performance_baseline.py:18: in <module>
    from src.metrics_dashboard import MetricsAnalyzer
E   ModuleNotFoundError: No module named 'src.metrics_dashboard'
__________________ ERROR collecting test_sistema_completo.py __________________
ImportError while importing test module 'C:\Users\ChristianRobecchi\Downloads\RAG LOCALE\test_sistema_completo.py'.
Hint: make sure your test modules/packages have valid Python names.
Traceback:
..\..\AppData\Local\Python\pythoncore-3.14-64\Lib\importlib\__init__.py:88: in import_module
    return _bootstrap._gcd_import(name[level:], package, level)
           ^^^^^^^^^^^^^^^^^^^^^^^^^^^^^^^^^^^^^^^^^^^^^^^^^^^^
test_sistema_completo.py:20: in <module>
    from src.metrics_dashboard import MetricsAnalyzer
E   ModuleNotFoundError: No module named 'src.metrics_dashboard'
______________ ERROR collecting tests/test_fase17_multimodal.py _______________
import file mismatch:
imported module 'test_fase17_multimodal' has this __file__ attribute:
  C:\Users\ChristianRobecchi\Downloads\RAG LOCALE\test_fase17_multimodal.py
which is not the same as the test file we want to collect:
  C:\Users\ChristianRobecchi\Downloads\RAG LOCALE\tests\test_fase17_multimodal.py
HINT: remove __pycache__ / .pyc files and/or use a unique basename for your test file modules
============================== warnings summary ===============================
src\logging_config.py:38
src\logging_config.py:38
src\logging_config.py:38
src\logging_config.py:38
  C:\Users\ChristianRobecchi\Downloads\RAG LOCALE\src\logging_config.py:38: DeprecationWarning: datetime.datetime.utcnow() is deprecated and scheduled for removal in a future version. Use timezone-aware objects to represent datetimes in UTC: datetime.datetime.now(datetime.UTC).
    "timestamp": datetime.utcnow().isoformat() + "Z",

src\config.py:26
src\config.py:26
  C:\Users\ChristianRobecchi\Downloads\RAG LOCALE\src\config.py:26: PydanticDeprecatedSince20: Support for class-based `config` is deprecated, use ConfigDict instead. Deprecated in Pydantic V2.0 to be removed in V3.0. See Pydantic V2 Migration Guide at https://errors.pydantic.dev/2.12/migration/
    class GeminiConfig(BaseSettings):

src\config.py:53
src\config.py:53
  C:\Users\ChristianRobecchi\Downloads\RAG LOCALE\src\config.py:53: PydanticDeprecatedSince20: Support for class-based `config` is deprecated, use ConfigDict instead. Deprecated in Pydantic V2.0 to be removed in V3.0. See Pydantic V2 Migration Guide at https://errors.pydantic.dev/2.12/migration/
    class ChromaDBConfig(BaseSettings):

src\config.py:94
src\config.py:94
  C:\Users\ChristianRobecchi\Downloads\RAG LOCALE\src\config.py:94: PydanticDeprecatedSince20: Support for class-based `config` is deprecated, use ConfigDict instead. Deprecated in Pydantic V2.0 to be removed in V3.0. See Pydantic V2 Migration Guide at https://errors.pydantic.dev/2.12/migration/
    class RAGConfig(BaseSettings):

src\config.py:148
src\config.py:148
  C:\Users\ChristianRobecchi\Downloads\RAG LOCALE\src\config.py:148: PydanticDeprecatedSince20: Support for class-based `config` is deprecated, use ConfigDict instead. Deprecated in Pydantic V2.0 to be removed in V3.0. See Pydantic V2 Migration Guide at https://errors.pydantic.dev/2.12/migration/
    class PerformanceConfig(BaseSettings):

src\config.py:247
src\config.py:247
  C:\Users\ChristianRobecchi\Downloads\RAG LOCALE\src\config.py:247: PydanticDeprecatedSince20: Support for class-based `config` is deprecated, use ConfigDict instead. Deprecated in Pydantic V2.0 to be removed in V3.0. See Pydantic V2 Migration Guide at https://errors.pydantic.dev/2.12/migration/
    class AppConfig(BaseSettings):

..\..\AppData\Local\Python\pythoncore-3.14-64\Lib\site-packages\google\genai\types.py:43
  C:\Users\ChristianRobecchi\AppData\Local\Python\pythoncore-3.14-64\Lib\site-packages\google\genai\types.py:43: DeprecationWarning: '_UnionGenericAlias' is deprecated and slated for removal in Python 3.17
    VersionedUnionType = Union[builtin_types.UnionType, _UnionGenericAlias]

test_complete_system_final.py:23
  C:\Users\ChristianRobecchi\Downloads\RAG LOCALE\test_complete_system_final.py:23: PytestCollectionWarning: cannot collect test class 'TestSuite' because it has a __init__ constructor (from: test_complete_system_final.py)
    class TestSuite:

test_fase13_14_integration.py:39
  C:\Users\ChristianRobecchi\Downloads\RAG LOCALE\test_fase13_14_integration.py:39: PytestCollectionWarning: cannot collect test class 'TestProgressCallback' because it has a __init__ constructor (from: test_fase13_14_integration.py)
    class TestProgressCallback:

test_fase16_activation.py:28
  C:\Users\ChristianRobecchi\Downloads\RAG LOCALE\test_fase16_activation.py:28: PytestCollectionWarning: cannot collect test class 'TestFASE16Activation' because it has a __init__ constructor (from: test_fase16_activation.py)
    class TestFASE16Activation:

test_fase5_fixes.py:33
  C:\Users\ChristianRobecchi\Downloads\RAG LOCALE\test_fase5_fixes.py:33: PytestCollectionWarning: cannot collect test class 'TestFase5' because it has a __init__ constructor (from: test_fase5_fixes.py)
    class TestFase5:

test_fase6_fixes.py:27
  C:\Users\ChristianRobecchi\Downloads\RAG LOCALE\test_fase6_fixes.py:27: PytestCollectionWarning: cannot collect test class 'TestFase6' because it has a __init__ constructor (from: test_fase6_fixes.py)
    class TestFase6:

-- Docs: https://docs.pytest.org/en/stable/how-to/capture-warnings.html
=========================== short test summary info ===========================
ERROR test_all_fases_integration.py
ERROR test_e2e_complete_flow.py
ERROR test_fase10_metrics.py
ERROR test_fase15_metrics_charts.py
ERROR test_fase19_quality.py
ERROR test_performance_baseline.py
ERROR test_sistema_completo.py
ERROR tests/test_fase17_multimodal.py
!!!!!!!!!!!!!!!!!!! Interrupted: 8 errors during collection !!!!!!!!!!!!!!!!!!!
=================== 567 tests collected, 8 errors in 10.36s ===================
